info: Your log message here
info: Your log message here
info: null
info: null
info: 0x06aCf64173F27fc41b2adD5288C7E00aae1987b1
info: 0x06aCf64173F27fc41b2adD5288C7E00aae1987b1
info: {
  location: { coordinates: [] },
  _id: new ObjectId('657b53d18acccb41f6c6b3e4'),
  active: true,
  email: 'sato@gmail.com',
  account: '0x06acf64173f27fc41b2add5288c7e00aae1987b1',
  name: 'Sato',
  name2: 'SaTo',
  avatar: '/assets/images/avatar/1.jpeg',
  twitter: 'satoman',
  tiktok: 'satoman',
  story: 'I love to create cool things',
  admin: true,
  verifiedEmail: false,
  verifiedTwitter: false,
  verifiedPhone: false,
  ahpReferrals: 0,
  __v: 0
}
info: {
  location: { coordinates: [] },
  _id: new ObjectId('657b53d18acccb41f6c6b3e4'),
  active: true,
  email: 'sato@gmail.com',
  account: '0x06acf64173f27fc41b2add5288c7e00aae1987b1',
  name: 'Sato',
  name2: 'SaTo',
  avatar: '/assets/images/avatar/1.jpeg',
  twitter: 'satoman',
  tiktok: 'satoman',
  story: 'I love to create cool things',
  admin: true,
  verifiedEmail: false,
  verifiedTwitter: false,
  verifiedPhone: false,
  ahpReferrals: 0,
  __v: 0
}
info: 40000000000000000
info: 60000000000000000
info: [object Object]
info: [object Object]
info: nba 2k
info: madden
info: null
info: null
info: null
info: null
info: null
info: null
info: null
info: null
info: null
info: null
info: null
info: null
info: null
info: null
info: null
info: {
  _id: new ObjectId('657f54ced46ee50cf2a1032c'),
  gameId: 1,
  active: true,
  completed: false,
  player1: '0xf60493dff27500213ff246120580e32454474457',
  player2: '0x72f2c39464345ac43cc7f3d95dbd832c77c69a37',
  name1: 'teslabot',
  name2: 'Nine0x',
  score1: 0,
  score2: 0,
  game: 'nba2k',
  console: 'XBOX',
  amount: 3000000000000000,
  token: '0x0000000000000000000000000000000000000000',
  player1nft: 0,
  player2nft: 0,
  rules: 'testing this blicky',
  winner: null,
  accepted: false,
  disputed: false,
  disputer: null,
  mediator: null,
  stream: null,
  canceled: false,
  date: 1702843598258,
  dateScored: 0,
  scorer: null,
  __v: 0
}
info: {
  _id: new ObjectId('657f54ced46ee50cf2a1032c'),
  gameId: 1,
  active: false,
  completed: false,
  player1: '0xf60493dff27500213ff246120580e32454474457',
  player2: '0x0000000000000000000000000000000000000000',
  name1: 'teslabot',
  name2: 'open challenge',
  score1: 0,
  score2: 0,
  game: 'nba2k',
  console: 'XBOX',
  amount: 3000000000000000,
  token: '0x0000000000000000000000000000000000000000',
  player1nft: 0,
  player2nft: 0,
  rules: 'testing this blicky',
  winner: null,
  accepted: false,
  disputed: false,
  disputer: null,
  mediator: null,
  stream: null,
  canceled: false,
  date: 1702843598258,
  dateScored: 0,
  scorer: null,
  __v: 0
}
info: {
  _id: new ObjectId('657f54ced46ee50cf2a1032c'),
  gameId: 1,
  active: false,
  completed: false,
  player1: '0xf60493dff27500213ff246120580e32454474457',
  player2: '0x0000000000000000000000000000000000000000',
  name1: 'teslabot',
  name2: 'open challenge',
  score1: 0,
  score2: 0,
  game: 'nba2k',
  console: 'XBOX',
  amount: 3000000000000000,
  token: '0x0000000000000000000000000000000000000000',
  player1nft: 0,
  player2nft: 0,
  rules: 'testing this blicky',
  winner: null,
  accepted: false,
  disputed: false,
  disputer: null,
  mediator: null,
  stream: null,
  canceled: false,
  date: 1702843598258,
  dateScored: 0,
  scorer: null,
  __v: 0
}
info: {
  _id: new ObjectId('657f54ced46ee50cf2a1032c'),
  gameId: 1,
  active: false,
  completed: false,
  player1: '0xf60493dff27500213ff246120580e32454474457',
  player2: '0x0000000000000000000000000000000000000000',
  name1: 'teslabot',
  name2: 'open challenge',
  score1: 0,
  score2: 0,
  game: 'nba2k',
  console: 'XBOX',
  amount: 3000000000000000,
  token: '0x0000000000000000000000000000000000000000',
  player1nft: 0,
  player2nft: 0,
  rules: 'testing this blicky',
  winner: null,
  accepted: false,
  disputed: false,
  disputer: null,
  mediator: null,
  stream: null,
  canceled: false,
  date: 1702843598258,
  dateScored: 0,
  scorer: null,
  __v: 0
}
info: {
  _id: new ObjectId('657f54ced46ee50cf2a1032c'),
  gameId: 1,
  active: false,
  completed: false,
  player1: '0xf60493dff27500213ff246120580e32454474457',
  player2: '0x0000000000000000000000000000000000000000',
  name1: 'teslabot',
  name2: 'open challenge',
  score1: 0,
  score2: 0,
  game: 'nba2k',
  console: 'XBOX',
  amount: 3000000000000000,
  token: '0x0000000000000000000000000000000000000000',
  player1nft: 0,
  player2nft: 0,
  rules: 'testing this blicky',
  winner: null,
  accepted: false,
  disputed: false,
  disputer: null,
  mediator: null,
  stream: null,
  canceled: false,
  date: 1702843598258,
  dateScored: 0,
  scorer: null,
  __v: 0
}
info: {
  _id: new ObjectId('657f54ced46ee50cf2a1032c'),
  gameId: 1,
  active: false,
  completed: false,
  player1: '0xf60493dff27500213ff246120580e32454474457',
  player2: '0x0000000000000000000000000000000000000000',
  name1: 'teslabot',
  name2: 'open challenge',
  score1: 0,
  score2: 0,
  game: 'nba2k',
  console: 'XBOX',
  amount: 3000000000000000,
  token: '0x0000000000000000000000000000000000000000',
  player1nft: 0,
  player2nft: 0,
  rules: 'testing this blicky',
  winner: null,
  accepted: false,
  disputed: false,
  disputer: null,
  mediator: null,
  stream: null,
  canceled: false,
  date: 1702843598258,
  dateScored: 0,
  scorer: null,
  __v: 0
}
info: {
  _id: new ObjectId('657f54ced46ee50cf2a1032c'),
  gameId: 1,
  active: false,
  completed: false,
  player1: '0xf60493dff27500213ff246120580e32454474457',
  player2: '0x0000000000000000000000000000000000000000',
  name1: 'teslabot',
  name2: 'open challenge',
  score1: 0,
  score2: 0,
  game: 'nba2k',
  console: 'XBOX',
  amount: 3000000000000000,
  token: '0x0000000000000000000000000000000000000000',
  player1nft: 0,
  player2nft: 0,
  rules: 'testing this blicky',
  winner: null,
  accepted: false,
  disputed: false,
  disputer: null,
  mediator: null,
  stream: null,
  canceled: false,
  date: 1702843598258,
  dateScored: 0,
  scorer: null,
  __v: 0
}
info: {
  _id: new ObjectId('657f54ced46ee50cf2a1032c'),
  gameId: 1,
  active: false,
  completed: false,
  player1: '0xf60493dff27500213ff246120580e32454474457',
  player2: '0x0000000000000000000000000000000000000000',
  name1: 'teslabot',
  name2: 'open challenge',
  score1: 0,
  score2: 0,
  game: 'nba2k',
  console: 'XBOX',
  amount: 3000000000000000,
  token: '0x0000000000000000000000000000000000000000',
  player1nft: 0,
  player2nft: 0,
  rules: 'testing this blicky',
  winner: null,
  accepted: false,
  disputed: false,
  disputer: null,
  mediator: null,
  stream: null,
  canceled: false,
  date: 1702843598258,
  dateScored: 0,
  scorer: null,
  __v: 0
}
info: {
  _id: new ObjectId('657f54ced46ee50cf2a1032c'),
  gameId: 1,
  active: false,
  completed: false,
  player1: '0xf60493dff27500213ff246120580e32454474457',
  player2: '0x0000000000000000000000000000000000000000',
  name1: 'teslabot',
  name2: 'open challenge',
  score1: 0,
  score2: 0,
  game: 'nba2k',
  console: 'XBOX',
  amount: 3000000000000000,
  token: '0x0000000000000000000000000000000000000000',
  player1nft: 0,
  player2nft: 0,
  rules: 'testing this blicky',
  winner: null,
  accepted: false,
  disputed: false,
  disputer: null,
  mediator: null,
  stream: null,
  canceled: false,
  date: 1702843598258,
  dateScored: 0,
  scorer: null,
  __v: 0
}
info: {
  _id: new ObjectId('657f54ced46ee50cf2a1032c'),
  gameId: 1,
  active: false,
  completed: false,
  player1: '0xf60493dff27500213ff246120580e32454474457',
  player2: '0x0000000000000000000000000000000000000000',
  name1: 'teslabot',
  name2: 'open challenge',
  score1: 0,
  score2: 0,
  game: 'nba2k',
  console: 'XBOX',
  amount: 3000000000000000,
  token: '0x0000000000000000000000000000000000000000',
  player1nft: 0,
  player2nft: 0,
  rules: 'testing this blicky',
  winner: null,
  accepted: false,
  disputed: false,
  disputer: null,
  mediator: null,
  stream: null,
  canceled: false,
  date: 1702843598258,
  dateScored: 0,
  scorer: null,
  __v: 0
}
info: {
  _id: new ObjectId('657f54ced46ee50cf2a1032c'),
  gameId: 1,
  active: false,
  completed: false,
  player1: '0xf60493dff27500213ff246120580e32454474457',
  player2: '0x0000000000000000000000000000000000000000',
  name1: 'teslabot',
  name2: 'open challenge',
  score1: 0,
  score2: 0,
  game: 'nba2k',
  console: 'XBOX',
  amount: 3000000000000000,
  token: '0x0000000000000000000000000000000000000000',
  player1nft: 0,
  player2nft: 0,
  rules: 'testing this blicky',
  winner: null,
  accepted: false,
  disputed: false,
  disputer: null,
  mediator: null,
  stream: null,
  canceled: false,
  date: 1702843598258,
  dateScored: 0,
  scorer: null,
  __v: 0
}
info: {
  _id: new ObjectId('657f54ced46ee50cf2a1032c'),
  gameId: 1,
  active: false,
  completed: false,
  player1: '0xf60493dff27500213ff246120580e32454474457',
  player2: '0x0000000000000000000000000000000000000000',
  name1: 'teslabot',
  name2: 'open challenge',
  score1: 0,
  score2: 0,
  game: 'nba2k',
  console: 'XBOX',
  amount: 3000000000000000,
  token: '0x0000000000000000000000000000000000000000',
  player1nft: 0,
  player2nft: 0,
  rules: 'testing this blicky',
  winner: null,
  accepted: false,
  disputed: false,
  disputer: null,
  mediator: null,
  stream: null,
  canceled: false,
  date: 1702843598258,
  dateScored: 0,
  scorer: null,
  __v: 0
}
info: null
info: null
info: null
info: {
  _id: new ObjectId('657f59a60880370ec988fb40'),
  gameId: 1,
  active: true,
  completed: false,
  player1: '0xf60493dff27500213ff246120580e32454474457',
  player2: '0x72f2c39464345ac43cc7f3d95dbd832c77c69a37',
  name1: 'teslabot',
  name2: 'Nine0x',
  score1: 0,
  score2: 0,
  game: 'nba2k',
  console: 'XBOX',
  amount: 3000000000000000,
  token: '0x0000000000000000000000000000000000000000',
  player1nft: 0,
  player2nft: 0,
  rules: 'testing this blicky',
  winner: null,
  accepted: false,
  disputed: false,
  disputer: null,
  mediator: null,
  stream: null,
  canceled: false,
  date: 1702844838902,
  dateScored: 0,
  scorer: null,
  __v: 0
}
info: {
  _id: new ObjectId('657f59a60880370ec988fb40'),
  gameId: 1,
  active: true,
  completed: false,
  player1: '0xf60493dff27500213ff246120580e32454474457',
  player2: '0x72f2c39464345ac43cc7f3d95dbd832c77c69a37',
  name1: 'teslabot',
  name2: 'Nine0x',
  score1: 0,
  score2: 0,
  game: 'nba2k',
  console: 'XBOX',
  amount: 3000000000000000,
  token: '0x0000000000000000000000000000000000000000',
  player1nft: 0,
  player2nft: 0,
  rules: 'testing this blicky',
  winner: null,
  accepted: false,
  disputed: false,
  disputer: null,
  mediator: null,
  stream: null,
  canceled: false,
  date: 1702844838902,
  dateScored: 0,
  scorer: null,
  __v: 0
}
info: {
  _id: new ObjectId('657f59a60880370ec988fb40'),
  gameId: 1,
  active: true,
  completed: false,
  player1: '0xf60493dff27500213ff246120580e32454474457',
  player2: '0x72f2c39464345ac43cc7f3d95dbd832c77c69a37',
  name1: 'teslabot',
  name2: 'Nine0x',
  score1: 0,
  score2: 0,
  game: 'nba2k',
  console: 'XBOX',
  amount: 3000000000000000,
  token: '0x0000000000000000000000000000000000000000',
  player1nft: 0,
  player2nft: 0,
  rules: 'testing this blicky',
  winner: null,
  accepted: false,
  disputed: false,
  disputer: null,
  mediator: null,
  stream: null,
  canceled: false,
  date: 1702844838902,
  dateScored: 0,
  scorer: null,
  __v: 0
}
info: {
  _id: new ObjectId('657f59a60880370ec988fb40'),
  gameId: 1,
  active: true,
  completed: false,
  player1: '0xf60493dff27500213ff246120580e32454474457',
  player2: '0x0000000000000000000000000000000000000000',
  name1: 'teslabot',
  name2: 'open challenge',
  score1: 0,
  score2: 0,
  game: 'nba2k',
  console: 'XBOX',
  amount: 3000000000000000,
  token: '0x0000000000000000000000000000000000000000',
  player1nft: 0,
  player2nft: 0,
  rules: 'testing this blicky',
  winner: null,
  accepted: false,
  disputed: false,
  disputer: null,
  mediator: null,
  stream: null,
  canceled: false,
  date: 1702844838902,
  dateScored: 0,
  scorer: null,
  __v: 0
}
info: {
  _id: new ObjectId('657f59a60880370ec988fb40'),
  gameId: 1,
  active: true,
  completed: false,
  player1: '0xf60493dff27500213ff246120580e32454474457',
  player2: '0x0000000000000000000000000000000000000000',
  name1: 'teslabot',
  name2: 'open challenge',
  score1: 0,
  score2: 0,
  game: 'nba2k',
  console: 'XBOX',
  amount: 3000000000000000,
  token: '0x0000000000000000000000000000000000000000',
  player1nft: 0,
  player2nft: 0,
  rules: 'testing this blicky',
  winner: null,
  accepted: false,
  disputed: false,
  disputer: null,
  mediator: null,
  stream: null,
  canceled: false,
  date: 1702844838902,
  dateScored: 0,
  scorer: null,
  __v: 0
}
